[debug] [2024-04-18T15:29:03.997Z] ----------------------------------------------------------------------
[debug] [2024-04-18T15:29:04.000Z] Command:       /usr/local/nvm/versions/node/v20.11.1/bin/node /usr/local/nvm/versions/node/v20.11.1/bin/firebase init
[debug] [2024-04-18T15:29:04.000Z] CLI Version:   13.7.3
[debug] [2024-04-18T15:29:04.000Z] Platform:      linux
[debug] [2024-04-18T15:29:04.001Z] Node Version:  v20.11.1
[debug] [2024-04-18T15:29:04.001Z] Time:          Thu Apr 18 2024 15:29:04 GMT+0000 (Coordinated Universal Time)
[debug] [2024-04-18T15:29:04.001Z] ----------------------------------------------------------------------
[debug] 
[debug] [2024-04-18T15:29:04.006Z] > command requires scopes: ["email","openid","https://www.googleapis.com/auth/cloudplatformprojects.readonly","https://www.googleapis.com/auth/firebase","https://www.googleapis.com/auth/cloud-platform"]
[debug] [2024-04-18T15:29:07.186Z] Error getting account credentials.
[info] 
     ######## #### ########  ######## ########     ###     ######  ########
     ##        ##  ##     ## ##       ##     ##  ##   ##  ##       ##
     ######    ##  ########  ######   ########  #########  ######  ######
     ##        ##  ##    ##  ##       ##     ## ##     ##       ## ##
     ##       #### ##     ## ######## ########  ##     ##  ######  ########

You're about to initialize a Firebase project in this directory:

  /home/cfalco/corigame

[info] 
=== Project Setup
[info] 
[info] First, let's associate this project directory with a Firebase project.
[info] You can create multiple project aliases by running firebase use --add, 
[info] but for now we'll just set up a default project.
[info] 
[debug] [2024-04-18T15:30:00.977Z] >>> [apiv2][query] GET https://firebase.googleapis.com/v1beta1/projects pageSize=100
[debug] [2024-04-18T15:30:01.530Z] <<< [apiv2][status] GET https://firebase.googleapis.com/v1beta1/projects 200
[debug] [2024-04-18T15:30:01.531Z] <<< [apiv2][body] GET https://firebase.googleapis.com/v1beta1/projects [omitted]
[info] i  Using project data-sandbox-266217 (data-sandbox) 
[info] 
=== Hosting Setup
[debug] [2024-04-18T15:30:13.822Z] >>> [apiv2][query] GET https://firebase.googleapis.com/v1beta1/projects/data-sandbox-266217 [none]
[debug] [2024-04-18T15:30:14.069Z] <<< [apiv2][status] GET https://firebase.googleapis.com/v1beta1/projects/data-sandbox-266217 200
[debug] [2024-04-18T15:30:14.070Z] <<< [apiv2][body] GET https://firebase.googleapis.com/v1beta1/projects/data-sandbox-266217 {"projectId":"data-sandbox-266217","projectNumber":"468560661879","displayName":"data-sandbox","name":"projects/data-sandbox-266217","resources":{"hostingSite":"data-sandbox-266217","storageBucket":"data-sandbox-266217.appspot.com","locationId":"europe-west2"},"state":"ACTIVE","etag":"1_fe5a1dfc-47a3-4c5e-a63f-e930f3c17a88"}
[info] 
[info] Your public directory is the folder (relative to your project directory) that
[info] will contain Hosting assets to be uploaded with firebase deploy. If you
[info] have a build process for your assets, use your build's output directory.
[info] 
[debug] [2024-04-18T15:30:46.231Z] >>> [apiv2][query] GET https://www.gstatic.com/firebasejs/releases.json [none]
[debug] [2024-04-18T15:30:46.247Z] <<< [apiv2][status] GET https://www.gstatic.com/firebasejs/releases.json 200
[debug] [2024-04-18T15:30:46.247Z] <<< [apiv2][body] GET https://www.gstatic.com/firebasejs/releases.json {"current":{"version":"10.11.0","browserURL":"https://www.gstatic.com/firebasejs/10.11.0/firebase.js","packageURL":"https://www.gstatic.com/firebasejs/10.11.0/firebase.tgz"},"live":{"version":"10.11","browserURL":"https://www.gstatic.com/firebasejs/live/10.11/firebase.js","packageURL":"https://www.gstatic.com/firebasejs/live/10.11/firebase.tgz"},"components":{"analytics":"https://www.gstatic.com/firebasejs/10.11.0/firebase-analytics.js","app":"https://www.gstatic.com/firebasejs/10.11.0/firebase-app.js","app-check":"https://www.gstatic.com/firebasejs/10.11.0/firebase-app-check.js","auth":"https://www.gstatic.com/firebasejs/10.11.0/firebase-auth.js","auth/cordova":"https://www.gstatic.com/firebasejs/10.11.0/firebase-auth/cordova.js","auth/web-extension":"https://www.gstatic.com/firebasejs/10.11.0/firebase-auth/web-extension.js","functions":"https://www.gstatic.com/firebasejs/10.11.0/firebase-functions.js","firestore":"https://www.gstatic.com/firebasejs/10.11.0/firebase-firestore.js","firestore/lite":"https://www.gstatic.com/firebasejs/10.11.0/firebase-firestore/lite.js","installations":"https://www.gstatic.com/firebasejs/10.11.0/firebase-installations.js","storage":"https://www.gstatic.com/firebasejs/10.11.0/firebase-storage.js","performance":"https://www.gstatic.com/firebasejs/10.11.0/firebase-performance.js","remote-config":"https://www.gstatic.com/firebasejs/10.11.0/firebase-remote-config.js","messaging":"https://www.gstatic.com/firebasejs/10.11.0/firebase-messaging.js","messaging/sw":"https://www.gstatic.com/firebasejs/10.11.0/firebase-messaging/sw.js","database":"https://www.gstatic.com/firebasejs/10.11.0/firebase-database.js","firestore.memory":"https://www.gstatic.com/firebasejs/10.11.0/firebase-firestore.memory.js"}}
[info] ✔  Wrote /home/cfalco/corigame/index.html 
[info] 
[info] i  Didn't detect a .git folder. Assuming /home/cfalco/corigame is the project root. 
[info] i  Authorizing with GitHub to upload your service account to a GitHub repository's secrets store. 
[info] 
[info] Visit this URL on this device to log in:
[info] https://github.com/login/oauth/authorize?client_id=89cf50f02ac6aaed3484&state=924819523&redirect_uri=http%3A%2F%2Flocalhost%3A9005&scope=read%3Auser%20repo%20public_repo
[info] 
[info] Waiting for authentication...
